<?xml version="1.0" encoding="UTF-8"?>
<!-- Generated by org.testng.reporters.JUnitReportReporter -->
<testsuite skipped="0" hostname="shantanu-pc" name="demo" tests="1" failures="0" timestamp="09 Apr 2018 07:52:13 GMT" time="10.715" errors="0">
  <testcase name="test" time="10.715" classname="demo"/>
</testsuite> <!-- demo -->
