<?xml version="1.0" encoding="UTF-8"?>
<!-- Generated by org.testng.reporters.JUnitReportReporter -->
<testsuite skipped="0" hostname="shantanu-pc" name="qaconsole" tests="1" failures="0" timestamp="09 Apr 2018 11:11:35 GMT" time="30.299" errors="0">
  <testcase name="newTest" time="30.299" classname="qaconsole"/>
</testsuite> <!-- qaconsole -->
